index    U_ins  U_ierr   U_std  U_serr   B_ins  B_ierr   B_std  B_serr   V_ins  V_ierr   V_std  V_serr   I_ins  I_ierr   I_std  I_serr
     4 12.9741  0.0043 16.5030  0.0243 11.7616  0.0023 14.1187  0.0034  9.1889  0.0026 12.2330  0.0011  8.9303  0.0027 10.1435  0.0008
     6 13.9426  0.0084 17.2714  0.0510 12.9979  0.0049 15.2895  0.0079 10.4227  0.0017 13.3879  0.0020  9.0196  0.0024 10.2168  0.0008
     8 13.9434  0.0065 17.4961  0.0589 12.6458  0.0039 15.0568  0.0068  9.9715  0.0013 13.0973  0.0017  9.1849  0.0080 10.4194  0.0009
     9 13.1724  0.0052 16.6093  0.0272 11.9629  0.0025 14.3447  0.0040  9.4452  0.0010 12.5069  0.0012  9.0693  0.0021 10.3096  0.0009
    10  7.5050  0.0009 99.9999 99.9999  8.0848  0.0013 99.9999 99.9999  7.3690  0.0009 99.9999 99.9999  8.7950  0.0028  9.5721  0.0008
    11 10.4595  0.0014 99.9999 99.9999 10.2189  0.0015 12.7501  0.0014  8.3809  0.0070 11.4666  0.0007  8.8113  0.0027 10.1418  0.0008
    12 10.6094  0.0012 13.9683  0.0034 10.5427  0.0011 13.0059  0.0016  8.7544  0.0012 11.7966  0.0009  9.3013  0.0027 10.5235  0.0010
    13 99.9999 99.9999 10.0764  0.0004  7.7814  0.0017 10.3937  0.0004  7.3055  0.0018 10.3165  0.0004  8.9000  0.0056 10.1192  0.0008
    15 10.4533  0.0013 13.8026  0.0030 10.5121  0.0012 12.9870  0.0016  8.8002  0.0022 11.8379  0.0009  9.3408  0.0033 10.5692  0.0010
    16 15.0656  0.0157 18.1462  0.1191 14.9935  0.0156 17.3708  0.0464 12.4616  0.0043 15.5658  0.0086  9.3563  0.0019 10.6128  0.0010
    17 14.4170  0.0101 18.0046  0.0930 13.0060  0.0044 15.3678  0.0085 10.2760  0.0013 13.3604  0.0020  9.6402  0.0045 10.8993  0.0012
    19 16.1959  0.0373 18.8897  0.2294 14.8277  0.0133 17.0447  0.0371 11.7091  0.0027 14.7965  0.0049  9.6739  0.0018 10.9213  0.0012
    23 13.7263  0.0064 17.2624  0.0497 12.5129  0.0031 14.8985  0.0059  9.9713  0.0011 13.0336  0.0016  9.7487  0.0016 10.9989  0.0012
    26 15.1264  0.0171 18.0610  0.1086 14.4292  0.0129 16.7131  0.0263 11.9082  0.0040 14.8949  0.0053  9.8048  0.0021 11.0096  0.0012
    29 13.4292  0.0051 16.9433  0.0373 12.3683  0.0029 14.7754  0.0053  9.9618  0.0009 13.0146  0.0016  9.8684  0.0017 11.1223  0.0013
    30 11.0262  0.0021 14.3484  0.0045 11.1792  0.0022 13.6569  0.0023  9.4627  0.0016 12.5071  0.0012  9.8793  0.0017 11.1200  0.0013
    31  9.4291  0.0009 12.7516  0.0015 10.0552  0.0009 12.6092  0.0012  8.9105  0.0014 11.9577  0.0009  9.9232  0.0014 11.1690  0.0013
    32 11.9931  0.0024 15.3937  0.0105 11.5185  0.0021 13.9704  0.0029  9.5363  0.0009 12.5894  0.0013  9.9286  0.0017 11.1709  0.0013
    35 11.9144  0.0038 15.3484  0.0095 11.4749  0.0023 13.9338  0.0028  9.5128  0.0010 12.5663  0.0013  9.9629  0.0019 11.2183  0.0014
    36 12.9406  0.0045 16.3806  0.0222 12.1388  0.0029 14.5657  0.0045  9.8959  0.0010 12.9605  0.0016 10.0849  0.0019 11.3398  0.0015
    37 14.4179  0.0144 18.0454  0.0990 13.1377  0.0050 15.4828  0.0093 10.5086  0.0017 13.5778  0.0022 10.1259  0.0022 11.3880  0.0015
    39  8.4393  0.0014 11.7327  0.0009  9.3277  0.0018 11.9437  0.0008  8.7247  0.0014 11.7642  0.0009 10.2042  0.0020 11.4422  0.0015
    40 13.2403  0.0055 16.6371  0.0318 12.3958  0.0036 14.8149  0.0055 10.1519  0.0021 13.2084  0.0018 10.2067  0.0021 11.4493  0.0016
    41  8.5269  0.0013 11.8218  0.0009  9.2568  0.0017 11.8780  0.0008  8.6944  0.0046 11.7295  0.0008 10.2289  0.0018 11.4777  0.0016
    42  9.6745  0.0007 12.9809  0.0019 10.4100  0.0011 12.9611  0.0016  9.2757  0.0013 12.3107  0.0012 10.2533  0.0016 11.4822  0.0018
    43 15.9069  0.0294 99.9999 99.9999 14.2923  0.0104 16.5205  0.0238 11.2299  0.0020 14.2396  0.0034 10.2657  0.0019 11.4943  0.0016
    44 12.2198  0.0030 15.5583  0.0113 12.1138  0.0029 14.5239  0.0042 10.2142  0.0014 13.2235  0.0018 10.2688  0.0019 11.4859  0.0016
    45 14.2759  0.0092 17.7669  0.0796 13.0434  0.0044 15.4488  0.0091 10.5485  0.0013 13.6135  0.0023 10.3000  0.0018 11.5480  0.0016
    46  8.3491  0.0014 11.6129  0.0008  9.3049  0.0020 11.9396  0.0008  8.7895  0.0031 11.8160  0.0009 10.3267  0.0017 11.5691  0.0016
    47 15.8842  0.0301 99.9999 99.9999 14.4019  0.0116 16.8732  0.0307 11.5034  0.0026 14.7294  0.0047 10.3617  0.0022 11.6683  0.0017
    48 12.0719  0.0029 15.4567  0.0108 11.7819  0.0022 14.2422  0.0035  9.8988  0.0014 12.9463  0.0016 10.3635  0.0020 11.6146  0.0017
    49 12.1775  0.0030 15.5664  0.0120 11.8879  0.0025 14.3570  0.0038  9.9862  0.0011 13.0440  0.0017 10.4180  0.0021 11.6697  0.0017
    53 15.3408  0.0220 18.8163  0.1981 14.0383  0.0092 16.3320  0.0190 11.2967  0.0022 14.3433  0.0036 10.4437  0.0020 11.6754  0.0017
    55 15.5823  0.0236 18.2262  0.1352 14.2984  0.0105 16.5484  0.0240 11.5930  0.0027 14.6610  0.0047 10.4639  0.0016 11.7048  0.0018
    56 15.9576  0.0301 99.9999 99.9999 15.2797  0.0168 17.5293  0.0537 12.6583  0.0042 15.6298  0.0093 10.4767  0.0016 11.6871  0.0017
    58 16.3008  0.0406 99.9999 99.9999 14.9432  0.0156 17.3332  0.0473 12.0613  0.0032 15.0662  0.0059 10.5058  0.0024 11.7165  0.0018
    59 15.1738  0.0241 18.4254  0.1411 13.8803  0.0123 16.2348  0.0179 11.1641  0.0037 14.2383  0.0034 10.5132  0.0020 11.7593  0.0018
    60 15.8798  0.0285 99.9999 99.9999 14.3701  0.0091 16.7327  0.0281 11.4939  0.0023 14.5633  0.0041 10.5163  0.0021 11.7606  0.0018
    65 11.9596  0.0028 15.3093  0.0094 11.8652  0.0026 14.3313  0.0036 10.0671  0.0015 13.1109  0.0017 10.6016  0.0021 11.8468  0.0019
    67 12.3521  0.0031 15.7511  0.0140 12.1241  0.0028 14.5862  0.0044 10.2342  0.0022 13.2786  0.0019 10.6336  0.0018 11.8827  0.0020
    68 12.8014  0.0038 16.1511  0.0191 12.4663  0.0036 14.9163  0.0057 10.4754  0.0018 13.5202  0.0022 10.6342  0.0045 11.8700  0.0019
    69 16.0036  0.0292 99.9999 99.9999 14.4175  0.0099 16.7235  0.0280 11.4214  0.0022 14.4807  0.0040 10.6558  0.0018 11.8959  0.0020
    71 16.4289  0.0435 99.9999 99.9999 14.8766  0.0140 17.1711  0.0419 11.8901  0.0031 15.0208  0.0058 10.6622  0.0022 11.9390  0.0020
    73  9.7089  0.0014 13.0054  0.0018 10.4340  0.0038 13.0336  0.0015  9.5143  0.0030 12.5657  0.0013 10.6723  0.0025 11.9316  0.0020
    75 13.5357  0.0050 17.1843  0.0503 13.8449  0.0063 16.3905  0.0188 11.7683  0.0026 14.9703  0.0056 10.6871  0.0021 12.0087  0.0021
    76 16.3656  0.0394 99.9999 99.9999 14.7946  0.0124 17.2578  0.0442 11.9333  0.0027 15.0635  0.0060 10.6895  0.0020 11.9576  0.0020
    77 12.3866  0.0031 15.8173  0.0144 12.1880  0.0031 14.6561  0.0046 10.3092  0.0015 13.3585  0.0020 10.7298  0.0023 11.9831  0.0021
    79 15.9341  0.0284 99.9999 99.9999 14.3791  0.0084 16.7460  0.0281 11.5565  0.0025 14.6421  0.0045 10.7567  0.0021 12.0004  0.0021
    81 99.9999 99.9999 99.9999 99.9999 14.4085  0.0095 16.7615  0.0280 11.5986  0.0025 14.6565  0.0045 10.7613  0.0026 12.0091  0.0021
    82 15.5145  0.0248 99.9999 99.9999 14.0841  0.0084 16.4607  0.0218 11.3006  0.0025 14.3688  0.0037 10.7652  0.0022 12.0170  0.0021
    83 12.4613  0.0040 15.7920  0.0146 12.3683  0.0036 14.7873  0.0052 10.4596  0.0018 13.4948  0.0022 10.7797  0.0021 12.0097  0.0021
    84 13.1013  0.0045 16.4998  0.0253 12.5502  0.0031 14.9950  0.0060 10.4998  0.0015 13.5481  0.0022 10.7915  0.0020 12.0360  0.0021
    87 16.8899  0.0687 99.9999 99.9999 15.2465  0.0209 17.5312  0.0580 12.2841  0.0040 15.3374  0.0075 10.7977  0.0019 12.0270  0.0021
    89 14.0464  0.0080 17.5941  0.0658 13.1455  0.0046 15.5460  0.0097 10.7865  0.0015 13.8296  0.0026 10.8271  0.0022 12.0587  0.0022
    92  9.9649  0.0025 13.2741  0.0021 10.4032  0.0017 12.9955  0.0015  9.5730  0.0014 12.6068  0.0013 10.8425  0.0027 12.0819  0.0022
    94 14.6692  0.0114 18.6722  0.1858 13.5558  0.0062 16.0097  0.0146 11.0636  0.0017 14.1249  0.0032 10.8566  0.0019 12.1016  0.0023
    95 16.8285  0.0670 99.9999 99.9999 15.3887  0.0176 17.5607  0.0583 12.5127  0.0037 15.5216  0.0085 10.8633  0.0021 12.0792  0.0022
    96  9.3955  0.0025 12.6979  0.0015 10.0381  0.0007 12.6435  0.0012  9.3912  0.0021 12.4164  0.0013 10.8641  0.0027 12.0906  0.0025
    97 14.2231  0.0086 17.7712  0.0755 13.2915  0.0049 15.6912  0.0107 10.8933  0.0018 13.9475  0.0028 10.8693  0.0022 12.1118  0.0022
    98 16.2380  0.0341 99.9999 99.9999 14.8008  0.0126 17.1858  0.0405 12.0113  0.0032 15.1063  0.0061 10.8747  0.0023 12.1271  0.0022
    99 13.0289  0.0044 16.5173  0.0264 12.6770  0.0038 15.1225  0.0066 10.6530  0.0014 13.7093  0.0024 10.8748  0.0018 12.1277  0.0022
   100 14.9169  0.0142 18.5016  0.1551 13.8760  0.0066 16.1771  0.0164 11.2213  0.0024 14.2764  0.0035 10.8780  0.0019 12.1029  0.0022
   101 14.6753  0.0101 18.1924  0.1162 13.5110  0.0056 15.9253  0.0133 11.0372  0.0023 14.0901  0.0031 10.8781  0.0019 12.1238  0.0023
   102 16.5113  0.0459 99.9999 99.9999 15.3417  0.0210 17.5715  0.0574 12.4723  0.0039 15.6110  0.0092 10.9023  0.0020 12.1779  0.0023
   107 10.2251  0.0011 13.5544  0.0026 10.7073  0.0019 13.2842  0.0018  9.8944  0.0022 12.7993  0.0015 10.9270  0.0032 12.1849  0.0024
   108 10.4586  0.0015 13.7633  0.0029 11.0102  0.0016 13.5649  0.0021  9.9349  0.0012 12.9740  0.0016 10.9387  0.0021 12.1836  0.0023
   109 16.5865  0.0493 99.9999 99.9999 15.1766  0.0180 17.4220  0.0520 12.1841  0.0032 15.2193  0.0070 10.9388  0.0025 12.1660  0.0023
   111 13.0092  0.0041 16.3564  0.0227 12.6292  0.0041 15.0819  0.0064 10.6072  0.0015 13.6629  0.0024 10.9492  0.0020 12.2005  0.0023
   112 14.3712  0.0109 17.6743  0.0749 13.4647  0.0062 15.8241  0.0125 11.0356  0.0024 14.0821  0.0031 10.9496  0.0034 12.1773  0.0024
   113 15.7302  0.0260 99.9999 99.9999 14.4097  0.0107 16.8087  0.0293 11.6062  0.0024 14.6897  0.0047 10.9547  0.0022 12.2057  0.0023
   114 14.2578  0.0077 17.8720  0.0856 13.3525  0.0058 15.7333  0.0111 10.9765  0.0030 14.0296  0.0030 10.9750  0.0031 12.2186  0.0023
   115 13.2263  0.0050 16.6338  0.0297 12.7176  0.0034 15.1386  0.0067 10.6637  0.0015 13.7109  0.0024 10.9847  0.0020 12.2269  0.0023
   117 10.0730  0.0010 13.3586  0.0023 10.7705  0.0014 13.3520  0.0018  9.8330  0.0013 12.8709  0.0015 10.9958  0.0020 12.2409  0.0024
   118 10.3033  0.0017 13.6117  0.0028 10.7052  0.0021 13.2866  0.0018  9.8042  0.0015 12.8371  0.0015 11.0094  0.0027 12.2456  0.0024
   123 16.1387  0.0420 99.9999 99.9999 14.7329  0.0148 16.9543  0.0333 11.8831  0.0036 14.9648  0.0057 11.0296  0.0023 12.2782  0.0024
   125 12.7989  0.0038 16.2646  0.0217 12.6109  0.0037 15.0577  0.0064 10.6909  0.0016 13.7514  0.0025 11.0449  0.0024 12.2874  0.0025
   131 15.8965  0.0340 99.9999 99.9999 14.4126  0.0105 16.6268  0.0250 11.6633  0.0031 14.7288  0.0050 11.0983  0.0022 12.3509  0.0026
   132 16.1297  0.0359 18.8249  0.2088 14.5723  0.0118 16.8927  0.0311 11.7189  0.0025 14.7788  0.0048 11.1059  0.0022 12.3537  0.0025
   134 16.0975  0.0342 99.9999 99.9999 14.6976  0.0122 17.0499  0.0376 11.7548  0.0024 14.8094  0.0050 11.1454  0.0025 12.3900  0.0026
   138 10.2091  0.0011 13.5469  0.0026 10.8733  0.0016 13.4726  0.0020  9.9325  0.0020 13.0486  0.0017 11.1583  0.0079 12.3725  0.0026
   147 14.7866  0.0147 18.0975  0.1134 13.8119  0.0069 16.1382  0.0163 11.3434  0.0024 14.3948  0.0037 11.2081  0.0022 12.4481  0.0027
   150 13.8990  0.0067 17.1319  0.0476 13.1751  0.0045 15.5709  0.0096 11.0274  0.0017 14.0816  0.0032 11.2160  0.0027 12.4602  0.0027
   155 15.9523  0.0343 99.9999 99.9999 14.5845  0.0130 17.0137  0.0361 11.7373  0.0025 14.8581  0.0052 11.2228  0.0025 12.4790  0.0027
   159  9.9444  0.0019 13.2503  0.0021 10.5511  0.0031 13.1603  0.0016  9.8385  0.0024 12.8711  0.0015 11.2473  0.0044 12.5037  0.0028
   163 16.3531  0.0455 99.9999 99.9999 14.9317  0.0140 17.3008  0.0443 12.2170  0.0033 15.3965  0.0078 11.2566  0.0024 12.5370  0.0029
   166 13.6364  0.0064 17.1850  0.0478 13.1143  0.0047 15.5587  0.0093 11.0200  0.0017 14.0746  0.0030 11.2800  0.0023 12.5183  0.0028
   167 15.5682  0.0244 99.9999 99.9999 14.3141  0.0086 16.6967  0.0266 11.6717  0.0023 14.7149  0.0046 11.2819  0.0027 12.5201  0.0028
   168 14.9119  0.0132 18.3668  0.1372 14.1159  0.0091 16.5213  0.0228 11.5514  0.0024 14.6123  0.0044 11.2859  0.0026 12.5388  0.0029
   170 12.7142  0.0036 16.0720  0.0182 12.7646  0.0036 15.2391  0.0071 10.9399  0.0017 13.9908  0.0029 11.2908  0.0020 12.5504  0.0029
   173 12.1197  0.0030 15.4662  0.0109 12.2062  0.0029 14.6895  0.0047 10.6086  0.0017 13.6543  0.0024 11.2990  0.0043 12.5282  0.0028
   176 14.7080  0.0121 18.7218  0.1946 13.9251  0.0070 16.2910  0.0185 11.4849  0.0026 14.5422  0.0044 11.3068  0.0025 12.5433  0.0029
   178 14.1174  0.0080 17.5871  0.0675 13.4011  0.0057 15.7824  0.0115 11.1731  0.0023 14.2298  0.0034 11.3093  0.0030 12.5534  0.0029
   179  9.9618  0.0012 13.2789  0.0021 10.5230  0.0019 13.1329  0.0016  9.8762  0.0029 12.8966  0.0015 11.3094  0.0025 12.5525  0.0028
   185 15.9613  0.0345 99.9999 99.9999 14.6839  0.0136 17.0003  0.0343 11.9207  0.0026 14.9770  0.0057 11.3354  0.0026 12.5805  0.0029
   186 13.1661  0.0053 16.5703  0.0278 13.0169  0.0082 15.4511  0.0085 11.0241  0.0031 14.0796  0.0031 11.3401  0.0029 12.5875  0.0029
   192 13.6394  0.0076 16.8878  0.0413 13.2130  0.0048 15.6264  0.0118 11.1297  0.0021 14.1800  0.0037 11.3704  0.0021 12.6149  0.0032
   201 13.7646  0.0072 17.2239  0.0551 13.2793  0.0050 15.7008  0.0113 11.1886  0.0026 14.2173  0.0036 11.4140  0.0027 12.6441  0.0031
   202 13.8985  0.0076 17.3132  0.0527 13.3212  0.0052 15.7517  0.0112 11.1834  0.0023 14.2388  0.0034 11.4150  0.0028 12.6615  0.0031
   203 13.9884  0.0077 17.3902  0.0570 13.4044  0.0050 15.8122  0.0117 11.2365  0.0021 14.2879  0.0035 11.4176  0.0026 12.6663  0.0030
   206 10.6074  0.0014 13.9067  0.0033 11.4046  0.0023 13.9714  0.0027 10.3864  0.0014 13.4243  0.0021 11.4261  0.0029 12.6783  0.0031
   227 13.9413  0.0076 17.6582  0.0692 13.3511  0.0052 15.7955  0.0113 11.2271  0.0022 14.2722  0.0035 11.4867  0.0027 12.7300  0.0032
   259 13.4007  0.0050 16.8084  0.0351 13.2315  0.0052 15.6840  0.0101 11.2959  0.0020 14.3275  0.0036 11.5958  0.0030 12.8305  0.0033
   263 11.0139  0.0017 14.3246  0.0047 11.6827  0.0022 14.2536  0.0033 10.6020  0.0014 13.6425  0.0024 11.6132  0.0030 12.8655  0.0035
   274 11.0311  0.0015 14.3512  0.0046 11.3717  0.0018 13.9467  0.0027 10.4539  0.0013 13.4863  0.0022 11.6321  0.0030 12.8790  0.0036
   275 14.2384  0.0092 17.8539  0.0827 13.6328  0.0056 16.0428  0.0141 11.4515  0.0027 14.4924  0.0041 11.6324  0.0026 12.8670  0.0035
   286 11.1894  0.0019 14.4951  0.0051 11.6164  0.0024 14.1763  0.0031 10.5917  0.0021 13.6233  0.0024 11.6545  0.0026 12.8856  0.0035
   295 13.7663  0.0070 17.2809  0.0533 13.4020  0.0051 15.8383  0.0120 11.3742  0.0021 14.4270  0.0039 11.6831  0.0028 12.9367  0.0037
   311 14.0295  0.0071 17.3852  0.0589 13.6014  0.0062 16.0587  0.0147 11.4982  0.0024 14.5611  0.0043 11.7082  0.0024 12.9606  0.0038
   313 13.8791  0.0069 17.2882  0.0529 13.5633  0.0052 16.0166  0.0138 11.5063  0.0024 14.5656  0.0043 11.7162  0.0026 12.9684  0.0038
   314 11.0498  0.0018 14.3615  0.0047 11.5915  0.0025 14.1928  0.0031 10.6141  0.0039 13.6564  0.0023 11.7164  0.0028 12.9492  0.0036
   321 10.8611  0.0021 14.1443  0.0041 11.5870  0.0020 14.1541  0.0031 10.6103  0.0017 13.6476  0.0024 11.7232  0.0033 12.9566  0.0038
   336 11.0964  0.0019 14.3868  0.0047 11.7928  0.0021 14.3547  0.0035 10.7148  0.0016 13.7630  0.0025 11.7570  0.0025 13.0068  0.0038
   341 11.0567  0.0019 14.3624  0.0046 11.6851  0.0025 14.2670  0.0033 10.7032  0.0019 13.7418  0.0025 11.7646  0.0033 13.0179  0.0038
   345 10.8294  0.0019 14.1295  0.0039 11.5608  0.0024 14.1408  0.0030 10.6248  0.0016 13.6590  0.0024 11.7706  0.0033 13.0210  0.0038
   350 10.8026  0.0015 14.1276  0.0038 11.2674  0.0016 13.8680  0.0025 10.4784  0.0017 13.5162  0.0022 11.7890  0.0028 13.0267  0.0039
   360 13.7132  0.0072 17.2052  0.0495 13.4712  0.0053 15.9347  0.0126 11.4866  0.0025 14.5360  0.0041 11.8080  0.0028 13.0417  0.0039
   364 12.0091  0.0025 15.3167  0.0100 12.3533  0.0033 14.8858  0.0052 10.9774  0.0022 14.0187  0.0030 11.8159  0.0030 13.0557  0.0039
   367 10.5793  0.0014 13.8960  0.0033 11.0994  0.0021 13.7166  0.0023 10.3977  0.0033 13.4306  0.0021 11.8019  0.0074 13.0544  0.0039
   383 10.8095  0.0015 14.0447  0.0038 11.5541  0.0023 14.0858  0.0029 10.6612  0.0028 13.6333  0.0023 11.8056  0.0067 13.0598  0.0038
   403 11.4907  0.0022 14.7684  0.0063 11.8683  0.0023 14.4106  0.0036 10.7947  0.0021 13.8315  0.0026 11.8903  0.0030 13.1407  0.0041
   408 10.7311  0.0014 14.0502  0.0036 11.2523  0.0022 13.8703  0.0025 10.4965  0.0018 13.5350  0.0022 11.8928  0.0027 13.1303  0.0042
   452 12.2028  0.0033 15.5402  0.0121 12.5286  0.0035 15.0698  0.0060 11.1498  0.0020 14.1942  0.0033 11.9793  0.0035 13.2206  0.0043
   454 11.7690  0.0028 15.1091  0.0084 12.3395  0.0033 14.8941  0.0052 11.1128  0.0023 14.1967  0.0034 11.9883  0.0029 13.2566  0.0045
   474 11.7401  0.0024 15.0615  0.0080 12.3221  0.0031 14.8504  0.0050 11.1190  0.0021 14.1563  0.0032 12.0263  0.0029 13.2532  0.0044
   475 11.1196  0.0020 14.4354  0.0049 11.6140  0.0024 14.2001  0.0031 10.7624  0.0042 13.7840  0.0026 12.0263  0.0032 13.2702  0.0045
   506 11.4474  0.0021 14.7609  0.0064 11.9849  0.0024 14.5645  0.0040 11.0064  0.0018 14.0413  0.0031 12.0964  0.0034 13.3456  0.0049
   508 11.3651  0.0020 14.6881  0.0058 11.8463  0.0024 14.4332  0.0036 10.9335  0.0016 13.9747  0.0029 12.1009  0.0037 13.3654  0.0048
   529 12.1958  0.0086 15.3606  0.0102 12.6363  0.0079 15.1560  0.0064 11.2940  0.0042 14.3371  0.0036 12.0689  0.0109 13.4032  0.0050
   532 11.7396  0.0027 15.0231  0.0081 12.2743  0.0041 14.8299  0.0050 11.1419  0.0030 14.1720  0.0033 12.1522  0.0075 13.3504  0.0048
   539 11.4010  0.0025 14.7310  0.0062 11.8763  0.0027 14.4412  0.0036 10.9630  0.0017 13.9937  0.0029 12.1593  0.0031 13.3977  0.0048
   551 12.0578  0.0029 15.3807  0.0105 12.5750  0.0031 15.1175  0.0062 11.3264  0.0031 14.3673  0.0038 12.1785  0.0035 13.4194  0.0051
   561 11.9901  0.0028 15.3044  0.0099 12.5557  0.0054 15.0668  0.0059 11.3355  0.0035 14.3572  0.0037 12.1916  0.0068 13.4304  0.0051
   565 11.9553  0.0026 15.2824  0.0098 12.5120  0.0040 15.0473  0.0058 11.3077  0.0027 14.3523  0.0037 12.1944  0.0098 13.4236  0.0050
   571 11.4657  0.0019 14.7824  0.0067 11.9989  0.0048 14.5662  0.0041 11.0586  0.0032 14.1222  0.0032 12.2048  0.0047 13.4697  0.0052
   577 12.2447  0.0033 15.5704  0.0126 12.6247  0.0070 15.1636  0.0064 11.3701  0.0033 14.4275  0.0039 12.2144  0.0041 13.4594  0.0052
   593 11.1806  0.0019 14.4887  0.0051 11.6911  0.0033 14.2745  0.0032 10.9141  0.0021 13.9472  0.0028 12.2306  0.0031 13.4720  0.0052
   604 11.3318  0.0022 14.6578  0.0059 12.0589  0.0026 14.6464  0.0042 11.1373  0.0065 14.1510  0.0033 12.2474  0.0053 13.4910  0.0053
   607 12.1235  0.0026 15.4542  0.0117 12.6766  0.0039 15.2098  0.0067 11.4116  0.0021 14.4533  0.0040 12.2550  0.0037 13.4971  0.0053
   614 11.8506  0.0025 15.1651  0.0088 12.2767  0.0034 14.8543  0.0049 11.2483  0.0024 14.2781  0.0035 12.2625  0.0035 13.5020  0.0052
   629 11.6008  0.0035 14.8763  0.0073 12.3248  0.0043 14.8821  0.0052 11.2568  0.0026 14.2923  0.0037 12.2844  0.0036 13.5108  0.0056
   637 12.0807  0.0024 15.4256  0.0109 12.6426  0.0034 15.1708  0.0064 11.4211  0.0020 14.4594  0.0040 12.2961  0.0030 13.5489  0.0055
   641 12.0629  0.0026 15.3880  0.0106 12.6668  0.0041 15.2203  0.0066 11.4404  0.0024 14.4774  0.0040 12.3021  0.0036 13.5381  0.0054
   647 12.2801  0.0039 15.6010  0.0132 12.6621  0.0041 15.2045  0.0069 11.3612  0.0066 14.4372  0.0040 12.2199  0.0099 13.5697  0.0058
   661 12.0108  0.0031 15.3033  0.0099 12.5865  0.0047 15.1115  0.0060 11.4129  0.0022 14.4569  0.0040 12.3361  0.0036 13.5780  0.0055
   662 12.1243  0.0029 15.4377  0.0110 12.6835  0.0043 15.2326  0.0067 11.4622  0.0023 14.5007  0.0041 12.3372  0.0039 13.5806  0.0057
   663 12.2915  0.0033 15.5737  0.0123 12.7433  0.0097 15.2788  0.0070 11.5386  0.0065 14.4864  0.0040 12.3394  0.0126 13.5860  0.0055
   678 11.8847  0.0023 15.2118  0.0094 12.5454  0.0046 15.0930  0.0059 11.3981  0.0028 14.4255  0.0039 12.3545  0.0029 13.5980  0.0056
   686 11.9487  0.0026 15.2262  0.0092 12.5399  0.0036 15.0972  0.0061 11.3970  0.0022 14.4377  0.0039 12.3657  0.0034 13.6015  0.0057
   692 11.7301  0.0021 15.0375  0.0080 12.4508  0.0042 15.0170  0.0056 11.3929  0.0026 14.4220  0.0040 12.3788  0.0044 13.6201  0.0062
   700 11.6996  0.0028 15.0242  0.0077 12.0888  0.0028 14.6788  0.0043 11.1782  0.0022 14.2121  0.0034 12.3914  0.0067 13.6592  0.0061
   709 11.8287  0.0024 15.1249  0.0086 12.4653  0.0033 14.9977  0.0056 11.4050  0.0036 14.4188  0.0040 12.3989  0.0047 13.6249  0.0062
   712 12.3759  0.0029 15.6865  0.0144 12.8860  0.0041 15.4239  0.0079 11.6004  0.0029 14.6393  0.0046 12.4053  0.0042 13.6458  0.0059
   720 11.9134  0.0023 15.2266  0.0093 12.5412  0.0035 15.1136  0.0061 11.4424  0.0027 14.4806  0.0040 12.4171  0.0035 13.6822  0.0060
   722 12.4169  0.0029 15.7424  0.0139 12.9337  0.0037 15.4708  0.0081 11.6244  0.0033 14.6567  0.0046 12.4188  0.0042 13.6394  0.0059
   724 12.0915  0.0054 15.3973  0.0107 12.6865  0.0088 15.2060  0.0065 11.5049  0.0040 14.5588  0.0043 12.4218  0.0051 13.6401  0.0059
   731 12.0822  0.0031 15.3583  0.0102 12.7016  0.0038 15.2203  0.0065 11.5461  0.0051 14.5971  0.0044 12.4337  0.0053 13.6697  0.0058
   740 11.5528  0.0019 14.8710  0.0068 12.0379  0.0026 14.6106  0.0040 11.1859  0.0021 14.2242  0.0034 12.4515  0.0105 13.6649  0.0059
   742 12.4629  0.0030 15.7817  0.0145 12.9277  0.0044 15.4540  0.0080 11.6489  0.0024 14.6837  0.0047 12.4477  0.0036 13.6810  0.0060
   783 12.2134  0.0032 15.5373  0.0120 12.8141  0.0040 15.3254  0.0071 11.6368  0.0035 14.6591  0.0046 12.5061  0.0038 13.7319  0.0062
   784 12.3269  0.0029 99.9999 99.9999 12.8650  0.0038 15.4164  0.0076 11.6370  0.0022 14.6745  0.0047 12.5071  0.0039 13.7542  0.0064
   786 12.0808  0.0024 15.2255  0.0095 12.6997  0.0042 15.2404  0.0068 11.5373  0.0030 14.5781  0.0044 12.5107  0.0039 13.7490  0.0064
   787 11.8620  0.0025 15.1608  0.0087 12.4014  0.0037 14.9620  0.0053 11.4362  0.0043 14.4607  0.0041 12.5112  0.0038 13.7541  0.0065
   804 12.1175  0.0029 15.4186  0.0108 12.7252  0.0038 15.2819  0.0069 11.5836  0.0032 14.6164  0.0045 12.5469  0.0039 13.7673  0.0064
   819 12.3880  0.0029 15.7150  0.0137 12.9167  0.0041 15.4671  0.0079 11.6858  0.0023 14.7479  0.0050 12.5596  0.0037 13.8204  0.0069
   838 12.5601  0.0036 15.9014  0.0159 12.8601  0.0040 15.4126  0.0076 11.6967  0.0029 14.7294  0.0049 12.5806  0.0047 13.8168  0.0069
   843 12.0940  0.0030 15.4266  0.0115 12.7707  0.0072 15.3339  0.0073 11.6472  0.0037 14.6739  0.0048 12.5860  0.0060 13.8280  0.0068
   863 12.3677  0.0031 15.7151  0.0135 12.9622  0.0043 15.5012  0.0083 11.7294  0.0069 14.7684  0.0050 12.6148  0.0042 13.8502  0.0069
   868 11.9474  0.0028 15.2631  0.0096 12.4935  0.0036 15.0417  0.0055 11.5070  0.0030 14.5331  0.0042 12.6246  0.0044 13.8587  0.0067
   881 12.4556  0.0036 15.7173  0.0143 13.0591  0.0044 15.5971  0.0088 11.8426  0.0038 14.8954  0.0054 12.6437  0.0061 13.8873  0.0069
   898 12.4659  0.0028 15.8058  0.0152 12.7539  0.0040 15.3072  0.0070 11.6553  0.0037 14.6906  0.0046 12.6632  0.0090 13.8536  0.0066
   903 12.0120  0.0021 15.3632  0.0105 12.3886  0.0037 14.9876  0.0055 11.4802  0.0023 14.5087  0.0042 12.6705  0.0033 13.9080  0.0073
   912 12.3855  0.0033 15.7290  0.0137 12.9220  0.0037 15.4863  0.0081 11.8067  0.0034 14.8309  0.0053 12.6854  0.0049 13.9565  0.0076
   952 12.1396  0.0081 15.2797  0.0104 12.7609  0.0047 15.3495  0.0077 11.7045  0.0127 14.7209  0.0055 12.7476  0.0157 13.9627  0.0082
   985 12.1296  0.0034 15.4163  0.0109 12.7304  0.0042 15.2385  0.0065 11.7197  0.0036 14.7356  0.0049 12.7799  0.0039 14.0142  0.0078
  1017 12.3637  0.0031 15.6828  0.0136 12.9409  0.0045 15.4977  0.0080 11.7947  0.0085 14.9888  0.0059 12.8160  0.0155 14.2375  0.0093
  1038 11.6534  0.0024 14.6056  0.0057 12.4588  0.0045 14.4177  0.0035 11.7643  0.0035 14.0087  0.0029 12.8320  0.0055 13.3780  0.0048
  1061 12.3438  0.0029 15.6400  0.0133 12.9878  0.0045 15.5161  0.0082 11.9170  0.0036 14.9430  0.0057 12.8582  0.0046 14.0926  0.0084
  1073 12.3072  0.0029 15.5867  0.0127 12.9868  0.0045 15.5369  0.0083 11.8678  0.0030 14.9141  0.0055 12.8678  0.0056 14.1099  0.0080
  1088 12.2859  0.0030 15.6208  0.0137 12.8584  0.0069 15.4424  0.0079 11.8538  0.0042 14.8861  0.0055 12.8918  0.0050 14.1094  0.0087
  1208 12.4270  0.0031 15.7549  0.0146 12.9616  0.0057 15.5246  0.0082 11.9356  0.0033 14.9702  0.0057 12.9847  0.0054 14.2516  0.0090
